2021-05-20 17:19:19,270 INFO 19400 [egg:logger] init all loggers with options: {"dir":"F:\\weather\\service\\logs\\react_service","encoding":"utf8","env":"local","level":"INFO","consoleLevel":"INFO","disableConsoleAfterReady":false,"outputJSON":false,"buffer":true,"appLogName":"react_service-web.log","coreLogName":"egg-web.log","agentLogName":"egg-agent.log","errorLogName":"common-error.log","coreLogger":{"consoleLevel":"WARN"},"allowDebugAtProd":false,"type":"application"}
2021-05-20 17:19:19,878 INFO 19400 [egg-multipart] file mode enable
2021-05-20 17:19:19,879 INFO 19400 [egg-multipart] will save temporary files to "C:\\Users\\ASUS2\\AppData\\Local\\Temp\\egg-multipart-tmp\\react_service", cleanup job cron: "0 30 4 * * *"
2021-05-20 17:19:19,965 INFO 19400 [egg-static] starting static serve /public/ -> F:\weather\service\app\public
2021-05-20 17:19:19,968 INFO 19400 [egg-security] use methodnoallow middleware
2021-05-20 17:19:19,969 INFO 19400 [egg-security] use noopen middleware
2021-05-20 17:19:19,970 INFO 19400 [egg-security] use nosniff middleware
2021-05-20 17:19:19,970 INFO 19400 [egg-security] use xssProtection middleware
2021-05-20 17:19:19,971 INFO 19400 [egg-security] use xframe middleware
2021-05-20 17:19:19,971 INFO 19400 [egg-security] use dta middleware
2021-05-20 17:19:19,972 INFO 19400 [egg-security] compose 6 middlewares into one security middleware
2021-05-20 17:19:19,981 INFO 19400 [egg:core] dump config after load, 4ms
2021-05-20 17:19:19,992 INFO 19400 [egg-watcher:application] watcher start success
2021-05-20 17:19:19,997 INFO 19400 [egg:core] dump config after ready, 4ms
2021-05-28 11:45:21,933 INFO 1100 [egg:logger] init all loggers with options: {"dir":"F:\\weather\\service\\logs\\react_service","encoding":"utf8","env":"local","level":"INFO","consoleLevel":"INFO","disableConsoleAfterReady":false,"outputJSON":false,"buffer":true,"appLogName":"react_service-web.log","coreLogName":"egg-web.log","agentLogName":"egg-agent.log","errorLogName":"common-error.log","coreLogger":{"consoleLevel":"WARN"},"allowDebugAtProd":false,"type":"application"}
2021-05-28 11:45:21,955 INFO 1100 [egg-multipart] file mode enable
2021-05-28 11:45:21,955 INFO 1100 [egg-multipart] will save temporary files to "C:\\Users\\ASUS2\\AppData\\Local\\Temp\\egg-multipart-tmp\\react_service", cleanup job cron: "0 30 4 * * *"
2021-05-28 11:45:23,357 INFO 1100 [egg-static] starting static serve /public/ -> F:\weather\service\app\public
2021-05-28 11:45:23,364 INFO 1100 [egg-security] use methodnoallow middleware
2021-05-28 11:45:23,369 INFO 1100 [egg-security] use noopen middleware
2021-05-28 11:45:23,374 INFO 1100 [egg-security] use nosniff middleware
2021-05-28 11:45:23,379 INFO 1100 [egg-security] use xssProtection middleware
2021-05-28 11:45:23,384 INFO 1100 [egg-security] use xframe middleware
2021-05-28 11:45:23,389 INFO 1100 [egg-security] use dta middleware
2021-05-28 11:45:23,389 INFO 1100 [egg-security] compose 6 middlewares into one security middleware
2021-05-28 11:45:23,427 INFO 1100 [egg:core] dump config after load, 4ms
2021-05-28 11:45:22,743 INFO 7336 [egg:logger] init all loggers with options: {"dir":"F:\\weather\\service\\logs\\react_service","encoding":"utf8","env":"local","level":"INFO","consoleLevel":"INFO","disableConsoleAfterReady":false,"outputJSON":false,"buffer":true,"appLogName":"react_service-web.log","coreLogName":"egg-web.log","agentLogName":"egg-agent.log","errorLogName":"common-error.log","coreLogger":{"consoleLevel":"WARN"},"allowDebugAtProd":false,"type":"application"}
2021-05-28 11:45:22,765 INFO 7336 [egg-multipart] file mode enable
2021-05-28 11:45:22,765 INFO 7336 [egg-multipart] will save temporary files to "C:\\Users\\ASUS2\\AppData\\Local\\Temp\\egg-multipart-tmp\\react_service", cleanup job cron: "0 30 4 * * *"
2021-05-28 11:45:23,358 INFO 7336 [egg-static] starting static serve /public/ -> F:\weather\service\app\public
2021-05-28 11:45:23,365 INFO 7336 [egg-security] use methodnoallow middleware
2021-05-28 11:45:23,370 INFO 7336 [egg-security] use noopen middleware
2021-05-28 11:45:23,375 INFO 7336 [egg-security] use nosniff middleware
2021-05-28 11:45:23,380 INFO 7336 [egg-security] use xssProtection middleware
2021-05-28 11:45:23,385 INFO 7336 [egg-security] use xframe middleware
2021-05-28 11:45:23,389 INFO 7336 [egg-security] use dta middleware
2021-05-28 11:45:23,389 INFO 7336 [egg-security] compose 6 middlewares into one security middleware
2021-05-28 11:45:23,428 INFO 7336 [egg:core] dump config after load, 3ms
2021-05-28 11:45:23,508 INFO 7336 [egg-watcher:application] watcher start success
2021-05-28 11:45:23,544 INFO 7336 [egg:core] dump config after ready, 4ms
2021-05-28 11:45:24,185 INFO 9056 [egg:logger] init all loggers with options: {"dir":"F:\\weather\\service\\logs\\react_service","encoding":"utf8","env":"local","level":"INFO","consoleLevel":"INFO","disableConsoleAfterReady":false,"outputJSON":false,"buffer":true,"appLogName":"react_service-web.log","coreLogName":"egg-web.log","agentLogName":"egg-agent.log","errorLogName":"common-error.log","coreLogger":{"consoleLevel":"WARN"},"allowDebugAtProd":false,"type":"application"}
2021-05-28 11:45:24,205 INFO 9056 [egg-multipart] file mode enable
2021-05-28 11:45:24,206 INFO 9056 [egg-multipart] will save temporary files to "C:\\Users\\ASUS2\\AppData\\Local\\Temp\\egg-multipart-tmp\\react_service", cleanup job cron: "0 30 4 * * *"
2021-05-28 11:45:24,277 INFO 9056 [egg-static] starting static serve /public/ -> F:\weather\service\app\public
2021-05-28 11:45:24,278 INFO 9056 [egg-security] use methodnoallow middleware
2021-05-28 11:45:24,279 INFO 9056 [egg-security] use noopen middleware
2021-05-28 11:45:24,279 INFO 9056 [egg-security] use nosniff middleware
2021-05-28 11:45:24,279 INFO 9056 [egg-security] use xssProtection middleware
2021-05-28 11:45:24,280 INFO 9056 [egg-security] use xframe middleware
2021-05-28 11:45:24,280 INFO 9056 [egg-security] use dta middleware
2021-05-28 11:45:24,280 INFO 9056 [egg-security] compose 6 middlewares into one security middleware
2021-05-28 11:45:24,287 INFO 9056 [egg:core] dump config after load, 3ms
2021-05-28 11:45:24,295 INFO 9056 [egg-watcher:application] watcher start success
2021-05-28 11:45:24,300 INFO 9056 [egg:core] dump config after ready, 4ms
